<?xml version="1.0" encoding="UTF-8"?>
<testng-results ignored="0" total="1" passed="1" failed="0" skipped="0">
  <reporter-output>
  </reporter-output>
  <suite started-at="2024-07-03T08:16:58 IST" name="Default suite" finished-at="2024-07-03T08:16:58 IST" duration-ms="68">
    <groups>
    </groups>
    <test started-at="2024-07-03T08:16:58 IST" name="Default test" finished-at="2024-07-03T08:16:58 IST" duration-ms="68">
      <class name="Selenium1.CsvEx">
        <test-method signature="demo()[pri:0, instance:Selenium1.CsvEx@2a3b5b47]" started-at="2024-07-03T08:16:58 IST" name="demo" finished-at="2024-07-03T08:16:58 IST" duration-ms="28" status="PASS">
          <reporter-output>
          </reporter-output>
        </test-method> <!-- demo -->
      </class> <!-- Selenium1.CsvEx -->
    </test> <!-- Default test -->
  </suite> <!-- Default suite -->
</testng-results>
